[INFO] 2018-12-07 00:24:03.824 fn=>http-nio-8088-exec-9     pack.cls=>com.app.extremity.controller.ServiceMangerController - dashboard hits........... log
[INFO] 2018-12-07 16:25:32.082 fn=>restartedMain     pack.cls=>com.app.extremity.main.Test - Starting Test on DESKTOP-PV9NO3F with PID 8496 (F:\springclone\springBootTeamProject\ROYAL_ENFIELD\royal_enfiled_project\target\classes started by pranaykohad in F:\springclone\springBootTeamProject\ROYAL_ENFIELD\royal_enfiled_project)
[INFO] 2018-12-07 16:25:32.086 fn=>restartedMain     pack.cls=>com.app.extremity.main.Test - No active profile set, falling back to default profiles: default
[INFO] 2018-12-07 16:25:32.342 fn=>restartedMain     pack.cls=>org.springframework.boot.web.servlet.context.AnnotationConfigServletWebServerApplicationContext - Refreshing org.springframework.boot.web.servlet.context.AnnotationConfigServletWebServerApplicationContext@4c827657: startup date [Fri Dec 07 16:25:32 IST 2018]; root of context hierarchy
[INFO] 2018-12-07 16:25:41.873 fn=>restartedMain     pack.cls=>org.springframework.context.support.PostProcessorRegistrationDelegate$BeanPostProcessorChecker - Bean 'org.springframework.transaction.annotation.ProxyTransactionManagementConfiguration' of type [org.springframework.transaction.annotation.ProxyTransactionManagementConfiguration$$EnhancerBySpringCGLIB$$b5a6852e] is not eligible for getting processed by all BeanPostProcessors (for example: not eligible for auto-proxying)
[INFO] 2018-12-07 16:25:44.190 fn=>restartedMain     pack.cls=>org.springframework.boot.web.embedded.tomcat.TomcatWebServer - Tomcat initialized with port(s): 8088 (http)
[INFO] 2018-12-07 16:25:44.288 fn=>restartedMain     pack.cls=>org.apache.catalina.core.StandardService - Starting service [Tomcat]
[INFO] 2018-12-07 16:25:44.289 fn=>restartedMain     pack.cls=>org.apache.catalina.core.StandardEngine - Starting Servlet Engine: Apache Tomcat/8.5.34
[INFO] 2018-12-07 16:25:44.323 fn=>localhost-startStop-1     pack.cls=>org.apache.catalina.core.AprLifecycleListener - The APR based Apache Tomcat Native library which allows optimal performance in production environments was not found on the java.library.path: [C:\Program Files\Java\jre1.8.0_191\bin;C:\WINDOWS\Sun\Java\bin;C:\WINDOWS\system32;C:\WINDOWS;C:/Program Files/Java/jre1.8.0_191/bin/server;C:/Program Files/Java/jre1.8.0_191/bin;C:/Program Files/Java/jre1.8.0_191/lib/amd64;C:\Program Files (x86)\Common Files\Oracle\Java\javapath;C:\WINDOWS\system32;C:\WINDOWS;C:\WINDOWS\System32\Wbem;C:\WINDOWS\System32\WindowsPowerShell\v1.0\;C:\Program Files\Java\jdk1.8.0_171\bin;C:\Program Files\Java\jre1.8.0_171\bin;C:\Program Files\nodejs\;C:\Program Files\Git\cmd;C:\WINDOWS\System32\OpenSSH\;C:\Program Files\MongoDB\Server\4.0\bin;C:\Users\pranaykohad\AppData\Local\Microsoft\WindowsApps;;C:\Users\pranaykohad\AppData\Local\Programs\Microsoft VS Code\bin;C:\Users\pranaykohad\AppData\Roaming\npm;C:\Users\pranaykohad\Desktop;;.]
[INFO] 2018-12-07 16:25:45.477 fn=>localhost-startStop-1     pack.cls=>org.apache.jasper.servlet.TldScanner - At least one JAR was scanned for TLDs yet contained no TLDs. Enable debug logging for this logger for a complete list of JARs that were scanned but no TLDs were found in them. Skipping unneeded JARs during scanning can improve startup time and JSP compilation time.
[INFO] 2018-12-07 16:25:45.492 fn=>localhost-startStop-1     pack.cls=>org.apache.catalina.core.ContainerBase.[Tomcat].[localhost].[/] - Initializing Spring embedded WebApplicationContext
[INFO] 2018-12-07 16:25:45.493 fn=>localhost-startStop-1     pack.cls=>org.springframework.web.context.ContextLoader - Root WebApplicationContext: initialization completed in 13151 ms
[INFO] 2018-12-07 16:25:45.684 fn=>localhost-startStop-1     pack.cls=>org.springframework.boot.web.servlet.ServletRegistrationBean - Servlet dispatcherServlet mapped to [/]
[INFO] 2018-12-07 16:25:45.695 fn=>localhost-startStop-1     pack.cls=>org.springframework.boot.web.servlet.FilterRegistrationBean - Mapping filter: 'characterEncodingFilter' to: [/*]
[INFO] 2018-12-07 16:25:45.697 fn=>localhost-startStop-1     pack.cls=>org.springframework.boot.web.servlet.FilterRegistrationBean - Mapping filter: 'hiddenHttpMethodFilter' to: [/*]
[INFO] 2018-12-07 16:25:45.698 fn=>localhost-startStop-1     pack.cls=>org.springframework.boot.web.servlet.FilterRegistrationBean - Mapping filter: 'httpPutFormContentFilter' to: [/*]
[INFO] 2018-12-07 16:25:45.700 fn=>localhost-startStop-1     pack.cls=>org.springframework.boot.web.servlet.FilterRegistrationBean - Mapping filter: 'requestContextFilter' to: [/*]
[INFO] 2018-12-07 16:25:46.452 fn=>restartedMain     pack.cls=>com.zaxxer.hikari.HikariDataSource - HikariPool-1 - Starting...
[INFO] 2018-12-07 16:25:47.126 fn=>restartedMain     pack.cls=>com.zaxxer.hikari.HikariDataSource - HikariPool-1 - Start completed.
[INFO] 2018-12-07 16:25:47.449 fn=>restartedMain     pack.cls=>org.springframework.orm.jpa.LocalContainerEntityManagerFactoryBean - Building JPA container EntityManagerFactory for persistence unit 'default'
[INFO] 2018-12-07 16:25:47.619 fn=>restartedMain     pack.cls=>org.hibernate.jpa.internal.util.LogHelper - HHH000204: Processing PersistenceUnitInfo [
	name: default
	...]
[INFO] 2018-12-07 16:25:48.027 fn=>restartedMain     pack.cls=>org.hibernate.Version - HHH000412: Hibernate Core {5.2.17.Final}
[INFO] 2018-12-07 16:25:48.036 fn=>restartedMain     pack.cls=>org.hibernate.cfg.Environment - HHH000206: hibernate.properties not found
[INFO] 2018-12-07 16:25:48.309 fn=>restartedMain     pack.cls=>org.hibernate.annotations.common.Version - HCANN000001: Hibernate Commons Annotations {5.0.1.Final}
[INFO] 2018-12-07 16:25:48.880 fn=>restartedMain     pack.cls=>org.hibernate.dialect.Dialect - HHH000400: Using dialect: org.hibernate.dialect.MySQL55Dialect
[INFO] 2018-12-07 16:25:54.146 fn=>restartedMain     pack.cls=>org.springframework.orm.jpa.LocalContainerEntityManagerFactoryBean - Initialized JPA EntityManagerFactory for persistence unit 'default'
[INFO] 2018-12-07 16:25:55.860 fn=>restartedMain     pack.cls=>org.springframework.web.servlet.handler.SimpleUrlHandlerMapping - Mapped URL path [/**/favicon.ico] onto handler of type [class org.springframework.web.servlet.resource.ResourceHttpRequestHandler]
[INFO] 2018-12-07 16:25:56.773 fn=>restartedMain     pack.cls=>org.springframework.web.servlet.mvc.method.annotation.RequestMappingHandlerAdapter - Looking for @ControllerAdvice: org.springframework.boot.web.servlet.context.AnnotationConfigServletWebServerApplicationContext@4c827657: startup date [Fri Dec 07 16:25:32 IST 2018]; root of context hierarchy
[WARN] 2018-12-07 16:25:56.898 fn=>restartedMain     pack.cls=>org.springframework.boot.autoconfigure.orm.jpa.JpaBaseConfiguration$JpaWebConfiguration$JpaWebMvcConfiguration - spring.jpa.open-in-view is enabled by default. Therefore, database queries may be performed during view rendering. Explicitly configure spring.jpa.open-in-view to disable this warning
[INFO] 2018-12-07 16:25:57.031 fn=>restartedMain     pack.cls=>org.springframework.web.servlet.mvc.method.annotation.RequestMappingHandlerMapping - Mapped "{[/service]}" onto public java.lang.String com.app.extremity.controller.HomeController.service()
[INFO] 2018-12-07 16:25:57.034 fn=>restartedMain     pack.cls=>org.springframework.web.servlet.mvc.method.annotation.RequestMappingHandlerMapping - Mapped "{[/client]}" onto public java.lang.String com.app.extremity.controller.HomeController.client()
[INFO] 2018-12-07 16:25:57.036 fn=>restartedMain     pack.cls=>org.springframework.web.servlet.mvc.method.annotation.RequestMappingHandlerMapping - Mapped "{[/gotToColorOptionPage]}" onto public java.lang.String com.app.extremity.controller.HomeController.gotToColorOptionPage()
[INFO] 2018-12-07 16:25:57.037 fn=>restartedMain     pack.cls=>org.springframework.web.servlet.mvc.method.annotation.RequestMappingHandlerMapping - Mapped "{[/loginPage]}" onto public java.lang.String com.app.extremity.controller.HomeController.loginPage()
[INFO] 2018-12-07 16:25:57.038 fn=>restartedMain     pack.cls=>org.springframework.web.servlet.mvc.method.annotation.RequestMappingHandlerMapping - Mapped "{[/]}" onto public java.lang.String com.app.extremity.controller.HomeController.homePage()
[INFO] 2018-12-07 16:25:57.074 fn=>restartedMain     pack.cls=>org.springframework.web.servlet.mvc.method.annotation.RequestMappingHandlerMapping - Mapped "{[/dealer]}" onto public java.lang.String com.app.extremity.controller.HomeController.dealer()
[INFO] 2018-12-07 16:25:57.075 fn=>restartedMain     pack.cls=>org.springframework.web.servlet.mvc.method.annotation.RequestMappingHandlerMapping - Mapped "{[/admin]}" onto public java.lang.String com.app.extremity.controller.HomeController.admin()
[INFO] 2018-12-07 16:25:57.076 fn=>restartedMain     pack.cls=>org.springframework.web.servlet.mvc.method.annotation.RequestMappingHandlerMapping - Mapped "{[/sales]}" onto public java.lang.String com.app.extremity.controller.HomeController.sales()
[INFO] 2018-12-07 16:25:57.078 fn=>restartedMain     pack.cls=>org.springframework.web.servlet.mvc.method.annotation.RequestMappingHandlerMapping - Mapped "{[/SignIn]}" onto public java.lang.String com.app.extremity.controller.HomeController.signIn(org.springframework.ui.Model)
[INFO] 2018-12-07 16:25:57.105 fn=>restartedMain     pack.cls=>org.springframework.web.servlet.mvc.method.annotation.RequestMappingHandlerMapping - Mapped "{[/DashboardPage]}" onto public java.lang.String com.app.extremity.controller.ServiceMangerController.ServicesDashboardPage(org.springframework.ui.Model)
[INFO] 2018-12-07 16:25:57.107 fn=>restartedMain     pack.cls=>org.springframework.web.servlet.mvc.method.annotation.RequestMappingHandlerMapping - Mapped "{[/ApprovedServicesPage]}" onto public java.lang.String com.app.extremity.controller.ServiceMangerController.ApprovedServicesgPage(org.springframework.ui.Model)
[INFO] 2018-12-07 16:25:57.108 fn=>restartedMain     pack.cls=>org.springframework.web.servlet.mvc.method.annotation.RequestMappingHandlerMapping - Mapped "{[/BikeServicesRecordsPage]}" onto public java.lang.String com.app.extremity.controller.ServiceMangerController.BikeServicesRecordsPage(org.springframework.ui.Model)
[INFO] 2018-12-07 16:25:57.110 fn=>restartedMain     pack.cls=>org.springframework.web.servlet.mvc.method.annotation.RequestMappingHandlerMapping - Mapped "{[/CustomizationInvoicePage]}" onto public java.lang.String com.app.extremity.controller.ServiceMangerController.CustomizationInvoicePage(org.springframework.ui.Model)
[INFO] 2018-12-07 16:25:57.111 fn=>restartedMain     pack.cls=>org.springframework.web.servlet.mvc.method.annotation.RequestMappingHandlerMapping - Mapped "{[/ServicesInvoicePage]}" onto public java.lang.String com.app.extremity.controller.ServiceMangerController.ServicesInvoicePage(org.springframework.ui.Model)
[INFO] 2018-12-07 16:25:57.114 fn=>restartedMain     pack.cls=>org.springframework.web.servlet.mvc.method.annotation.RequestMappingHandlerMapping - Mapped "{[/AvailableCustomizationPage]}" onto public java.lang.String com.app.extremity.controller.ServiceMangerController.AvailableCustomizationPage(org.springframework.ui.Model)
[INFO] 2018-12-07 16:25:57.115 fn=>restartedMain     pack.cls=>org.springframework.web.servlet.mvc.method.annotation.RequestMappingHandlerMapping - Mapped "{[/BikeCustomizationRecordsPage]}" onto public java.lang.String com.app.extremity.controller.ServiceMangerController.BikeCustomizationRecordsPage(org.springframework.ui.Model)
[INFO] 2018-12-07 16:25:57.116 fn=>restartedMain     pack.cls=>org.springframework.web.servlet.mvc.method.annotation.RequestMappingHandlerMapping - Mapped "{[/CustomizationInprogressPage]}" onto public java.lang.String com.app.extremity.controller.ServiceMangerController.CustomizationInprogressPage(org.springframework.ui.Model)
[INFO] 2018-12-07 16:25:57.117 fn=>restartedMain     pack.cls=>org.springframework.web.servlet.mvc.method.annotation.RequestMappingHandlerMapping - Mapped "{[/ApprovedCustomizationPage]}" onto public java.lang.String com.app.extremity.controller.ServiceMangerController.ApprovedCustomizationPage(org.springframework.ui.Model)
[INFO] 2018-12-07 16:25:57.118 fn=>restartedMain     pack.cls=>org.springframework.web.servlet.mvc.method.annotation.RequestMappingHandlerMapping - Mapped "{[/AvailableServicesPage]}" onto public java.lang.String com.app.extremity.controller.ServiceMangerController.AvailableServicesPagePage(org.springframework.ui.Model)
[INFO] 2018-12-07 16:25:57.118 fn=>restartedMain     pack.cls=>org.springframework.web.servlet.mvc.method.annotation.RequestMappingHandlerMapping - Mapped "{[/MyNotificationsPage]}" onto public java.lang.String com.app.extremity.controller.ServiceMangerController.MyNotificationsPage(org.springframework.ui.Model)
[INFO] 2018-12-07 16:25:57.119 fn=>restartedMain     pack.cls=>org.springframework.web.servlet.mvc.method.annotation.RequestMappingHandlerMapping - Mapped "{[/ServicesInprogressPage]}" onto public java.lang.String com.app.extremity.controller.ServiceMangerController.ServicesInprogressPage(org.springframework.ui.Model)
[INFO] 2018-12-07 16:25:57.125 fn=>restartedMain     pack.cls=>org.springframework.web.servlet.mvc.method.annotation.RequestMappingHandlerMapping - Mapped "{[/error]}" onto public org.springframework.http.ResponseEntity<java.util.Map<java.lang.String, java.lang.Object>> org.springframework.boot.autoconfigure.web.servlet.error.BasicErrorController.error(javax.servlet.http.HttpServletRequest)
[INFO] 2018-12-07 16:25:57.129 fn=>restartedMain     pack.cls=>org.springframework.web.servlet.mvc.method.annotation.RequestMappingHandlerMapping - Mapped "{[/error],produces=[text/html]}" onto public org.springframework.web.servlet.ModelAndView org.springframework.boot.autoconfigure.web.servlet.error.BasicErrorController.errorHtml(javax.servlet.http.HttpServletRequest,javax.servlet.http.HttpServletResponse)
[INFO] 2018-12-07 16:25:57.246 fn=>restartedMain     pack.cls=>org.springframework.web.servlet.handler.SimpleUrlHandlerMapping - Mapped URL path [/webjars/**] onto handler of type [class org.springframework.web.servlet.resource.ResourceHttpRequestHandler]
[INFO] 2018-12-07 16:25:57.247 fn=>restartedMain     pack.cls=>org.springframework.web.servlet.handler.SimpleUrlHandlerMapping - Mapped URL path [/**] onto handler of type [class org.springframework.web.servlet.resource.ResourceHttpRequestHandler]
[WARN] 2018-12-07 16:25:58.081 fn=>restartedMain     pack.cls=>org.springframework.boot.devtools.autoconfigure.OptionalLiveReloadServer - Unable to start LiveReload server
[INFO] 2018-12-07 16:25:58.197 fn=>restartedMain     pack.cls=>org.springframework.jmx.export.annotation.AnnotationMBeanExporter - Registering beans for JMX exposure on startup
[INFO] 2018-12-07 16:25:58.202 fn=>restartedMain     pack.cls=>org.springframework.jmx.export.annotation.AnnotationMBeanExporter - Bean with name 'dataSource' has been autodetected for JMX exposure
[INFO] 2018-12-07 16:25:58.221 fn=>restartedMain     pack.cls=>org.springframework.jmx.export.annotation.AnnotationMBeanExporter - Located MBean 'dataSource': registering with JMX server as MBean [com.zaxxer.hikari:name=dataSource,type=HikariDataSource]
[INFO] 2018-12-07 16:25:58.381 fn=>restartedMain     pack.cls=>org.springframework.boot.web.embedded.tomcat.TomcatWebServer - Tomcat started on port(s): 8088 (http) with context path ''
[INFO] 2018-12-07 16:25:58.399 fn=>restartedMain     pack.cls=>com.app.extremity.main.Test - Started Test in 27.585 seconds (JVM running for 29.187)
[WARN] 2018-12-07 16:25:58.413 fn=>restartedMain     pack.cls=>com.app.extremity.main.Test - application started............
[INFO] 2018-12-07 16:27:12.057 fn=>http-nio-8088-exec-10     pack.cls=>org.apache.catalina.core.ContainerBase.[Tomcat].[localhost].[/] - Initializing Spring FrameworkServlet 'dispatcherServlet'
[INFO] 2018-12-07 16:27:12.058 fn=>http-nio-8088-exec-10     pack.cls=>org.springframework.web.servlet.DispatcherServlet - FrameworkServlet 'dispatcherServlet': initialization started
[INFO] 2018-12-07 16:27:12.124 fn=>http-nio-8088-exec-10     pack.cls=>org.springframework.web.servlet.DispatcherServlet - FrameworkServlet 'dispatcherServlet': initialization completed in 66 ms
[INFO] 2018-12-07 16:27:12.245 fn=>http-nio-8088-exec-10     pack.cls=>com.app.extremity.controller.HomeController - In home controller log
[INFO] 2018-12-07 16:27:18.961 fn=>http-nio-8088-exec-6     pack.cls=>com.app.extremity.controller.HomeController - In login controller log
[INFO] 2018-12-07 16:27:21.906 fn=>http-nio-8088-exec-1     pack.cls=>com.app.extremity.controller.HomeController - In SignIn controller log
[INFO] 2018-12-07 16:30:17.559 fn=>http-nio-8088-exec-1     pack.cls=>com.app.extremity.controller.ServiceMangerController - dashboard hits........... log
[WARN] 2018-12-07 18:01:06.984 fn=>HikariPool-1 housekeeper     pack.cls=>com.zaxxer.hikari.pool.HikariPool - HikariPool-1 - Thread starvation or clock leap detected (housekeeper delta=54m19s643ms747µs577ns).
[WARN] 2018-12-07 18:27:04.264 fn=>HikariPool-1 housekeeper     pack.cls=>com.zaxxer.hikari.pool.HikariPool - HikariPool-1 - Thread starvation or clock leap detected (housekeeper delta=10m27s258ms851µs994ns).
[WARN] 2018-12-07 19:28:25.214 fn=>HikariPool-1 housekeeper     pack.cls=>com.zaxxer.hikari.pool.HikariPool - HikariPool-1 - Thread starvation or clock leap detected (housekeeper delta=29m20s880ms566µs765ns).
